<?xml version="1.0" encoding="UTF-8"?>
<testsuite xmlns:xsi="http://www.w3.org/2001/XMLSchema-instance" xsi:noNamespaceSchemaLocation="https://maven.apache.org/surefire/maven-surefire-plugin/xsd/surefire-test-report.xsd" name="com.scg.beans.BenefitEventTest" time="0.002" tests="5" errors="0" skipped="0" failures="0">
  <properties>
[...]
</properties>
  <testcase name="testCancelDental" classname="com.scg.beans.BenefitEventTest" time="0"/>
  <testcase name="testEnrollDental" classname="com.scg.beans.BenefitEventTest" time="0"/>
  <testcase name="testCancelMedical" classname="com.scg.beans.BenefitEventTest" time="0.001"/>
  <testcase name="testEnrollMedical" classname="com.scg.beans.BenefitEventTest" time="0"/>
  <testcase name="testBenefitEvent" classname="com.scg.beans.BenefitEventTest" time="0.001"/>
</testsuite>